La génération a démarré 22/01/2016 16:44:37.
     1>Projet "C:\Users\charla13\Documents\github\partageable\Composant4\Composant4.vcxproj" sur le nœud 2 (build cible(s)).
     1>InitializeBuildStatus:
         Création de "Debug\Composant4.unsuccessfulbuild", car "AlwaysCreate" a été spécifié.
       ClCompile:
         c:\Program Files (x86)\Microsoft Visual Studio 10.0\VC\bin\CL.exe /c /IC:\Users\charla13\Documents\github\partageable\Interfaces /ZI /nologo /W3 /WX- /Od /Oy- /D WIN32 /D _DEBUG /D _WINDOWS /D _USRDLL /D COMPOSANT4_EXPORTS /D _WINDLL /D _UNICODE /D UNICODE /Gm /EHsc /RTC1 /MDd /GS /fp:precise /Zc:wchar_t /Zc:forScope /Fo"Debug\\" /Fd"Debug\vc100.pdb" /Gd /TP /analyze- /errorReport:prompt Composant4.cpp
         Composant4.cpp
     1>c:\users\charla13\documents\github\partageable\composant4\composant4.cpp(34): warning C4996: 'strcpy': This function or variable may be unsafe. Consider using strcpy_s instead. To disable deprecation, use _CRT_SECURE_NO_WARNINGS. See online help for details.
                 c:\program files (x86)\microsoft visual studio 10.0\vc\include\string.h(105) : voir la déclaration de 'strcpy'
     1>c:\users\charla13\documents\github\partageable\composant4\composant4.cpp(35): warning C4996: 'strcat': This function or variable may be unsafe. Consider using strcat_s instead. To disable deprecation, use _CRT_SECURE_NO_WARNINGS. See online help for details.
                 c:\program files (x86)\microsoft visual studio 10.0\vc\include\string.h(110) : voir la déclaration de 'strcat'
     1>c:\users\charla13\documents\github\partageable\composant4\composant4.cpp(36): warning C4996: 'strcat': This function or variable may be unsafe. Consider using strcat_s instead. To disable deprecation, use _CRT_SECURE_NO_WARNINGS. See online help for details.
                 c:\program files (x86)\microsoft visual studio 10.0\vc\include\string.h(110) : voir la déclaration de 'strcat'
     1>c:\users\charla13\documents\github\partageable\composant4\composant4.cpp(37): warning C4996: 'strcat': This function or variable may be unsafe. Consider using strcat_s instead. To disable deprecation, use _CRT_SECURE_NO_WARNINGS. See online help for details.
                 c:\program files (x86)\microsoft visual studio 10.0\vc\include\string.h(110) : voir la déclaration de 'strcat'
       ResourceCompile:
         C:\Program Files (x86)\Microsoft SDKs\Windows\v7.0A\bin\rc.exe /D _UNICODE /D UNICODE /l"0x0409" /nologo /fo"Debug\Composant4.res" Composant4.rc 
       ManifestResourceCompile:
         C:\Program Files (x86)\Microsoft SDKs\Windows\v7.0A\bin\rc.exe /nologo /fo"Debug\Composant4.dll.embed.manifest.res" Debug\Composant4_manifest.rc 
       Link:
         c:\Program Files (x86)\Microsoft Visual Studio 10.0\VC\bin\link.exe /ERRORREPORT:PROMPT /OUT:"C:\Users\charla13\Documents\github\partageable\Debug\Composant4.dll" /INCREMENTAL /NOLOGO kernel32.lib user32.lib gdi32.lib winspool.lib comdlg32.lib advapi32.lib shell32.lib ole32.lib oleaut32.lib uuid.lib odbc32.lib odbccp32.lib /MANIFEST /ManifestFile:"Debug\Composant4.dll.intermediate.manifest" /MANIFESTUAC:"level='asInvoker' uiAccess='false'" /DEBUG /PDB:"C:\Users\charla13\Documents\github\partageable\Debug\Composant4.pdb" /SUBSYSTEM:WINDOWS /TLBID:1 /DYNAMICBASE /NXCOMPAT /IMPLIB:"C:\Users\charla13\Documents\github\partageable\Debug\Composant4.lib" /MACHINE:X86 /DLL Debug\Composant4.res
         Debug\Composant4.dll.embed.manifest.res
         Debug\Composant4.obj
         C:\Users\charla13\Documents\github\partageable\Debug\Composant3.lib
            Création de la bibliothèque C:\Users\charla13\Documents\github\partageable\Debug\Composant4.lib et de l'objet C:\Users\charla13\Documents\github\partageable\Debug\Composant4.exp
       Manifest:
         C:\Program Files (x86)\Microsoft SDKs\Windows\v7.0A\bin\mt.exe /nologo /verbose /out:"Debug\Composant4.dll.embed.manifest" /manifest Debug\Composant4.dll.intermediate.manifest
         C:\Program Files (x86)\Microsoft SDKs\Windows\v7.0A\bin\rc.exe /nologo /fo"Debug\Composant4.dll.embed.manifest.res" Debug\Composant4_manifest.rc 
       LinkEmbedManifest:
         c:\Program Files (x86)\Microsoft Visual Studio 10.0\VC\bin\link.exe /ERRORREPORT:PROMPT /OUT:"C:\Users\charla13\Documents\github\partageable\Debug\Composant4.dll" /INCREMENTAL /NOLOGO kernel32.lib user32.lib gdi32.lib winspool.lib comdlg32.lib advapi32.lib shell32.lib ole32.lib oleaut32.lib uuid.lib odbc32.lib odbccp32.lib /MANIFEST /ManifestFile:"Debug\Composant4.dll.intermediate.manifest" /MANIFESTUAC:"level='asInvoker' uiAccess='false'" /DEBUG /PDB:"C:\Users\charla13\Documents\github\partageable\Debug\Composant4.pdb" /SUBSYSTEM:WINDOWS /TLBID:1 /DYNAMICBASE /NXCOMPAT /IMPLIB:"C:\Users\charla13\Documents\github\partageable\Debug\Composant4.lib" /MACHINE:X86 /DLL Debug\Composant4.res
         Debug\Composant4.dll.embed.manifest.res
         Debug\Composant4.obj
         C:\Users\charla13\Documents\github\partageable\Debug\Composant3.lib
         Composant4.vcxproj -> C:\Users\charla13\Documents\github\partageable\Debug\Composant4.dll
       FinalizeBuildStatus:
         Suppression du fichier "Debug\Composant4.unsuccessfulbuild".
         Mise à jour de l'horodatage "Debug\Composant4.lastbuildstate".
     1>Génération du projet "C:\Users\charla13\Documents\github\partageable\Composant4\Composant4.vcxproj" terminée (build cible(s)).

La génération a réussi.

Temps écoulé 00:00:03.04
