La génération a démarré 25/01/2016 09:35:36.
     1>Projet "H:\partageable\Composant1\Composant1.vcxproj" sur le nœud 3 (build cible(s)).
     1>InitializeBuildStatus:
         Création de "Debug\Composant1.unsuccessfulbuild", car "AlwaysCreate" a été spécifié.
       ClCompile:
         Toutes les sorties sont à jour.
       ResourceCompile:
         C:\Program Files (x86)\Microsoft SDKs\Windows\v7.0A\bin\rc.exe /D _DEBUG /D _UNICODE /D UNICODE /D _AFXDLL /l"0x0409" /IDebug\ /IDebug\ /nologo /fo"Debug\Resource.res" Resource.rc 
       ManifestResourceCompile:
         C:\Program Files (x86)\Microsoft SDKs\Windows\v7.0A\bin\rc.exe /nologo /fo"Debug\Composant1.dll.embed.manifest.res" Debug\Composant1_manifest.rc 
       Link:
         c:\Program Files (x86)\Microsoft Visual Studio 10.0\VC\bin\link.exe /ERRORREPORT:PROMPT /OUT:"H:\partageable\Debug\Composant1.dll" /INCREMENTAL /NOLOGO /DEF:".\Composant1.def" /MANIFEST /ManifestFile:"Debug\Composant1.dll.intermediate.manifest" /MANIFESTUAC:"level='asInvoker' uiAccess='false'" /DEBUG /PDB:"H:\partageable\Debug\Composant1.pdb" /SUBSYSTEM:WINDOWS /TLBID:1 /DYNAMICBASE /NXCOMPAT /IMPLIB:"H:\partageable\Debug\Composant1.lib" /MACHINE:X86 /DLL Debug\Resource.res
         Debug\Composant1.dll.embed.manifest.res
         Debug\Composant1.obj
         H:\partageable\Debug\Composant3.lib
         LINK : H:\partageable\Debug\Composant1.dll introuvable ou non généré par la dernière édition de liens incrémentielle ; édition de liens complète en cours
            Création de la bibliothèque H:\partageable\Debug\Composant1.lib et de l'objet H:\partageable\Debug\Composant1.exp
       Manifest:
         C:\Program Files (x86)\Microsoft SDKs\Windows\v7.0A\bin\mt.exe /nologo /verbose /out:"Debug\Composant1.dll.embed.manifest" /manifest Debug\Composant1.dll.intermediate.manifest "c:\Program Files (x86)\Microsoft Visual Studio 10.0\VC\Include\Manifest\dpiaware.manifest"
         C:\Program Files (x86)\Microsoft SDKs\Windows\v7.0A\bin\rc.exe /nologo /fo"Debug\Composant1.dll.embed.manifest.res" Debug\Composant1_manifest.rc 
       LinkEmbedManifest:
         c:\Program Files (x86)\Microsoft Visual Studio 10.0\VC\bin\link.exe /ERRORREPORT:PROMPT /OUT:"H:\partageable\Debug\Composant1.dll" /INCREMENTAL /NOLOGO /DEF:".\Composant1.def" /MANIFEST /ManifestFile:"Debug\Composant1.dll.intermediate.manifest" /MANIFESTUAC:"level='asInvoker' uiAccess='false'" /DEBUG /PDB:"H:\partageable\Debug\Composant1.pdb" /SUBSYSTEM:WINDOWS /TLBID:1 /DYNAMICBASE /NXCOMPAT /IMPLIB:"H:\partageable\Debug\Composant1.lib" /MACHINE:X86 /DLL Debug\Resource.res
         Debug\Composant1.dll.embed.manifest.res
         Debug\Composant1.obj
         H:\partageable\Debug\Composant3.lib
         Composant1.vcxproj -> H:\partageable\Debug\Composant1.dll
       FinalizeBuildStatus:
         Suppression du fichier "Debug\Composant1.unsuccessfulbuild".
         Mise à jour de l'horodatage "Debug\Composant1.lastbuildstate".
     1>Génération du projet "H:\partageable\Composant1\Composant1.vcxproj" terminée (build cible(s)).

La génération a réussi.

Temps écoulé 00:00:11.47
