La génération a démarré 22/01/2016 16:16:43.
     1>Projet "C:\Users\charla13\Documents\github\partageable\Composant3\Composant3.vcxproj" sur le nœud 2 (build cible(s)).
     1>InitializeBuildStatus:
         Création de "Debug\Composant3.unsuccessfulbuild", car "AlwaysCreate" a été spécifié.
       ClCompile:
         c:\Program Files (x86)\Microsoft Visual Studio 10.0\VC\bin\CL.exe /c /IC:\Users\charla13\Documents\github\partageable\Interfaces /ZI /nologo /W3 /WX- /Od /Oy- /D WIN32 /D _DEBUG /D _WINDOWS /D _USRDLL /D COMPOSANT3_EXPORTS /D _WINDLL /D _UNICODE /D UNICODE /Gm /EHsc /RTC1 /MDd /GS /fp:precise /Zc:wchar_t /Zc:forScope /Fo"Debug\\" /Fd"Debug\vc100.pdb" /Gd /TP /analyze- /errorReport:prompt Composant3.cpp
         Composant3.cpp
       ResourceCompile:
         Toutes les sorties sont à jour.
       ManifestResourceCompile:
         Toutes les sorties sont à jour.
       Link:
         c:\Program Files (x86)\Microsoft Visual Studio 10.0\VC\bin\link.exe /ERRORREPORT:PROMPT /OUT:"C:\Users\charla13\Documents\github\partageable\Debug\Composant3.dll" /INCREMENTAL /NOLOGO kernel32.lib user32.lib gdi32.lib winspool.lib comdlg32.lib advapi32.lib shell32.lib ole32.lib oleaut32.lib uuid.lib odbc32.lib odbccp32.lib /MANIFEST /ManifestFile:"Debug\Composant3.dll.intermediate.manifest" /MANIFESTUAC:"level='asInvoker' uiAccess='false'" /DEBUG /PDB:"C:\Users\charla13\Documents\github\partageable\Debug\Composant3.pdb" /SUBSYSTEM:WINDOWS /TLBID:1 /DYNAMICBASE /NXCOMPAT /IMPLIB:"C:\Users\charla13\Documents\github\partageable\Debug\Composant3.lib" /MACHINE:X86 /DLL Debug\Composant3.res
         Debug\Composant3.dll.embed.manifest.res
         Debug\Composant3.obj
       Manifest:
         C:\Program Files (x86)\Microsoft SDKs\Windows\v7.0A\bin\mt.exe /nologo /verbose /out:"Debug\Composant3.dll.embed.manifest" /manifest Debug\Composant3.dll.intermediate.manifest
         Toutes les sorties sont à jour.
       LinkEmbedManifest:
         Toutes les sorties sont à jour.
         Composant3.vcxproj -> C:\Users\charla13\Documents\github\partageable\Debug\Composant3.dll
       FinalizeBuildStatus:
         Suppression du fichier "Debug\Composant3.unsuccessfulbuild".
         Mise à jour de l'horodatage "Debug\Composant3.lastbuildstate".
     1>Génération du projet "C:\Users\charla13\Documents\github\partageable\Composant3\Composant3.vcxproj" terminée (build cible(s)).

La génération a réussi.

Temps écoulé 00:00:00.50
