La génération a démarré 22/01/2016 16:45:00.
     1>Projet "C:\Users\charla13\Documents\github\partageable\partageable\partageable.vcxproj" sur le nœud 2 (build cible(s)).
     1>InitializeBuildStatus:
         Mise à jour de l'horodatage "Debug\partageable.unsuccessfulbuild".
       ClCompile:
         Toutes les sorties sont à jour.
       ManifestResourceCompile:
         Toutes les sorties sont à jour.
       Link:
         c:\Program Files (x86)\Microsoft Visual Studio 10.0\VC\bin\link.exe /ERRORREPORT:PROMPT /OUT:"C:\Users\charla13\Documents\github\partageable\Debug\partageable.exe" /INCREMENTAL /NOLOGO kernel32.lib user32.lib gdi32.lib winspool.lib comdlg32.lib advapi32.lib shell32.lib ole32.lib oleaut32.lib uuid.lib odbc32.lib odbccp32.lib /MANIFEST /ManifestFile:"Debug\partageable.exe.intermediate.manifest" /MANIFESTUAC:"level='asInvoker' uiAccess='false'" /DEBUG /PDB:"C:\Users\charla13\Documents\github\partageable\Debug\partageable.pdb" /SUBSYSTEM:CONSOLE /TLBID:1 /DYNAMICBASE /NXCOMPAT /IMPLIB:"C:\Users\charla13\Documents\github\partageable\Debug\partageable.lib" /MACHINE:X86 Debug\partageable.exe.embed.manifest.res
         Debug\main.obj
         C:\Users\charla13\Documents\github\partageable\Debug\Composant1.lib
         C:\Users\charla13\Documents\github\partageable\Debug\Composant2.lib
         C:\Users\charla13\Documents\github\partageable\Debug\Composant3.lib
         C:\Users\charla13\Documents\github\partageable\Debug\Composant4.lib
       Manifest:
         C:\Program Files (x86)\Microsoft SDKs\Windows\v7.0A\bin\mt.exe /nologo /verbose /out:"Debug\partageable.exe.embed.manifest" /manifest Debug\partageable.exe.intermediate.manifest
         Toutes les sorties sont à jour.
       LinkEmbedManifest:
         Toutes les sorties sont à jour.
         partageable.vcxproj -> C:\Users\charla13\Documents\github\partageable\Debug\partageable.exe
       FinalizeBuildStatus:
         Suppression du fichier "Debug\partageable.unsuccessfulbuild".
         Mise à jour de l'horodatage "Debug\partageable.lastbuildstate".
     1>Génération du projet "C:\Users\charla13\Documents\github\partageable\partageable\partageable.vcxproj" terminée (build cible(s)).

La génération a réussi.

Temps écoulé 00:00:01.05
